{"F:\\github\\Vtro\\src\\utils\\trojan.js": {"path":"F:\\github\\Vtro\\src\\utils\\trojan.js","statementMap":{"0":{"start":{"line":9,"column":14},"end":{"line":9,"column":45}},"1":{"start":{"line":10,"column":4},"end":{"line":10,"column":32}},"2":{"start":{"line":13,"column":4},"end":{"line":13,"column":40}},"3":{"start":{"line":13,"column":33},"end":{"line":13,"column":40}},"4":{"start":{"line":14,"column":4},"end":{"line":14,"column":44}},"5":{"start":{"line":16,"column":14},"end":{"line":16,"column":62}},"6":{"start":{"line":17,"column":15},"end":{"line":17,"column":34}},"7":{"start":{"line":18,"column":4},"end":{"line":18,"column":26}},"8":{"start":{"line":19,"column":4},"end":{"line":19,"column":20}},"9":{"start":{"line":20,"column":4},"end":{"line":20,"column":22}},"10":{"start":{"line":21,"column":4},"end":{"line":21,"column":23}},"11":{"start":{"line":22,"column":4},"end":{"line":22,"column":22}},"12":{"start":{"line":23,"column":4},"end":{"line":23,"column":33}},"13":{"start":{"line":25,"column":4},"end":{"line":25,"column":15}},"14":{"start":{"line":28,"column":14},"end":{"line":28,"column":28}},"15":{"start":{"line":29,"column":14},"end":{"line":29,"column":16}},"16":{"start":{"line":29,"column":26},"end":{"line":29,"column":28}},"17":{"start":{"line":30,"column":4},"end":{"line":32,"column":6}},"18":{"start":{"line":31,"column":6},"end":{"line":31,"column":31}},"19":{"start":{"line":33,"column":16},"end":{"line":33,"column":31}},"20":{"start":{"line":34,"column":4},"end":{"line":37,"column":6}},"21":{"start":{"line":35,"column":14},"end":{"line":35,"column":33}},"22":{"start":{"line":36,"column":6},"end":{"line":36,"column":25}},"23":{"start":{"line":38,"column":4},"end":{"line":38,"column":17}},"24":{"start":{"line":41,"column":54},"end":{"line":41,"column":58}},"25":{"start":{"line":42,"column":4},"end":{"line":42,"column":91}},"26":{"start":{"line":45,"column":0},"end":{"line":45,"column":29}}},"fnMap":{"0":{"name":"(anonymous_0)","decl":{"start":{"line":8,"column":2},"end":{"line":8,"column":3}},"loc":{"start":{"line":8,"column":21},"end":{"line":11,"column":3}},"line":8},"1":{"name":"(anonymous_1)","decl":{"start":{"line":12,"column":2},"end":{"line":12,"column":3}},"loc":{"start":{"line":12,"column":17},"end":{"line":26,"column":3}},"line":12},"2":{"name":"(anonymous_2)","decl":{"start":{"line":27,"column":2},"end":{"line":27,"column":3}},"loc":{"start":{"line":27,"column":17},"end":{"line":39,"column":3}},"line":27},"3":{"name":"(anonymous_3)","decl":{"start":{"line":30,"column":16},"end":{"line":30,"column":17}},"loc":{"start":{"line":30,"column":21},"end":{"line":32,"column":5}},"line":30},"4":{"name":"(anonymous_4)","decl":{"start":{"line":34,"column":18},"end":{"line":34,"column":19}},"loc":{"start":{"line":34,"column":26},"end":{"line":37,"column":5}},"line":34},"5":{"name":"(anonymous_5)","decl":{"start":{"line":40,"column":2},"end":{"line":40,"column":3}},"loc":{"start":{"line":40,"column":14},"end":{"line":43,"column":3}},"line":40}},"branchMap":{"0":{"loc":{"start":{"line":13,"column":4},"end":{"line":13,"column":40}},"type":"if","locations":[{"start":{"line":13,"column":4},"end":{"line":13,"column":40}},{"start":{"line":13,"column":4},"end":{"line":13,"column":40}}],"line":13},"1":{"loc":{"start":{"line":36,"column":6},"end":{"line":36,"column":25}},"type":"binary-expr","locations":[{"start":{"line":36,"column":6},"end":{"line":36,"column":7}},{"start":{"line":36,"column":11},"end":{"line":36,"column":25}}],"line":36}},"s":{"0":1,"1":1,"2":6,"3":1,"4":5,"5":5,"6":5,"7":5,"8":5,"9":5,"10":5,"11":5,"12":5,"13":5,"14":1,"15":1,"16":1,"17":1,"18":1,"19":1,"20":1,"21":6,"22":6,"23":1,"24":0,"25":0,"26":1},"f":{"0":1,"1":6,"2":1,"3":1,"4":6,"5":0},"b":{"0":[1,5],"1":[6,5]},"_coverageSchema":"1a1c01bbd47fc00a2c39e90264f33305004495a9","hash":"69ed18a19d972ffb3a76055401cfa966ff84efc1"}
,"F:\\github\\Vtro\\src\\utils\\url-test.js": {"path":"F:\\github\\Vtro\\src\\utils\\url-test.js","statementMap":{"0":{"start":{"line":1,"column":10},"end":{"line":1,"column":24}},"1":{"start":{"line":2,"column":12},"end":{"line":2,"column":28}},"2":{"start":{"line":3,"column":10},"end":{"line":3,"column":46}},"3":{"start":{"line":4,"column":22},"end":{"line":4,"column":50}},"4":{"start":{"line":8,"column":14},"end":{"line":8,"column":52}},"5":{"start":{"line":14,"column":0},"end":{"line":26,"column":1}},"6":{"start":{"line":15,"column":14},"end":{"line":15,"column":24}},"7":{"start":{"line":16,"column":13},"end":{"line":16,"column":31}},"8":{"start":{"line":17,"column":14},"end":{"line":17,"column":54}},"9":{"start":{"line":18,"column":14},"end":{"line":18,"column":40}},"10":{"start":{"line":19,"column":2},"end":{"line":19,"column":21}},"11":{"start":{"line":20,"column":2},"end":{"line":25,"column":4}},"12":{"start":{"line":21,"column":27},"end":{"line":21,"column":30}},"13":{"start":{"line":22,"column":4},"end":{"line":24,"column":18}},"14":{"start":{"line":23,"column":6},"end":{"line":23,"column":31}},"15":{"start":{"line":24,"column":9},"end":{"line":24,"column":18}}},"fnMap":{"0":{"name":"urlTest","decl":{"start":{"line":14,"column":26},"end":{"line":14,"column":33}},"loc":{"start":{"line":14,"column":41},"end":{"line":26,"column":1}},"line":14},"1":{"name":"(anonymous_1)","decl":{"start":{"line":20,"column":25},"end":{"line":20,"column":26}},"loc":{"start":{"line":20,"column":32},"end":{"line":25,"column":3}},"line":20}},"branchMap":{"0":{"loc":{"start":{"line":17,"column":14},"end":{"line":17,"column":54}},"type":"cond-expr","locations":[{"start":{"line":17,"column":22},"end":{"line":17,"column":27}},{"start":{"line":17,"column":30},"end":{"line":17,"column":54}}],"line":17},"1":{"loc":{"start":{"line":22,"column":4},"end":{"line":24,"column":18}},"type":"if","locations":[{"start":{"line":22,"column":4},"end":{"line":24,"column":18}},{"start":{"line":22,"column":4},"end":{"line":24,"column":18}}],"line":22}},"s":{"0":1,"1":1,"2":1,"3":1,"4":1,"5":1,"6":1,"7":1,"8":1,"9":1,"10":1,"11":1,"12":1,"13":1,"14":1,"15":0},"f":{"0":1,"1":1},"b":{"0":[0,1],"1":[1,0]},"_coverageSchema":"1a1c01bbd47fc00a2c39e90264f33305004495a9","hash":"c19468994d94d034d2d664e516c957528f28e8e9"}
,"F:\\github\\Vtro\\test\\generateSub.js": {"path":"F:\\github\\Vtro\\test\\generateSub.js","statementMap":{"0":{"start":{"line":1,"column":9},"end":{"line":1,"column":22}},"1":{"start":{"line":2,"column":11},"end":{"line":2,"column":26}},"2":{"start":{"line":4,"column":12},"end":{"line":4,"column":76}},"3":{"start":{"line":5,"column":15},"end":{"line":5,"column":27}},"4":{"start":{"line":7,"column":13},"end":{"line":7,"column":61}},"5":{"start":{"line":7,"column":23},"end":{"line":7,"column":61}},"6":{"start":{"line":10,"column":12},"end":{"line":10,"column":14}},"7":{"start":{"line":10,"column":22},"end":{"line":10,"column":24}},"8":{"start":{"line":11,"column":2},"end":{"line":15,"column":3}},"9":{"start":{"line":11,"column":15},"end":{"line":11,"column":16}},"10":{"start":{"line":12,"column":39},"end":{"line":12,"column":48}},"11":{"start":{"line":13,"column":4},"end":{"line":13,"column":85}},"12":{"start":{"line":14,"column":4},"end":{"line":14,"column":86}},"13":{"start":{"line":16,"column":2},"end":{"line":16,"column":78}},"14":{"start":{"line":17,"column":2},"end":{"line":17,"column":20}},"15":{"start":{"line":21,"column":2},"end":{"line":27,"column":3}},"16":{"start":{"line":31,"column":8},"end":{"line":31,"column":10}},"17":{"start":{"line":32,"column":10},"end":{"line":32,"column":19}},"18":{"start":{"line":33,"column":2},"end":{"line":35,"column":3}},"19":{"start":{"line":33,"column":12},"end":{"line":33,"column":13}},"20":{"start":{"line":34,"column":4},"end":{"line":34,"column":34}},"21":{"start":{"line":36,"column":2},"end":{"line":36,"column":10}},"22":{"start":{"line":39,"column":8},"end":{"line":39,"column":9}},"23":{"start":{"line":39,"column":13},"end":{"line":39,"column":15}},"24":{"start":{"line":40,"column":2},"end":{"line":43,"column":3}},"25":{"start":{"line":41,"column":4},"end":{"line":41,"column":31}},"26":{"start":{"line":42,"column":4},"end":{"line":42,"column":7}},"27":{"start":{"line":44,"column":2},"end":{"line":44,"column":29}},"28":{"start":{"line":47,"column":17},"end":{"line":47,"column":28}},"29":{"start":{"line":48,"column":16},"end":{"line":48,"column":26}},"30":{"start":{"line":49,"column":2},"end":{"line":49,"column":30}},"31":{"start":{"line":52,"column":0},"end":{"line":52,"column":26}}},"fnMap":{"0":{"name":"(anonymous_0)","decl":{"start":{"line":7,"column":13},"end":{"line":7,"column":14}},"loc":{"start":{"line":7,"column":23},"end":{"line":7,"column":61}},"line":7},"1":{"name":"generateSub","decl":{"start":{"line":9,"column":9},"end":{"line":9,"column":20}},"loc":{"start":{"line":9,"column":26},"end":{"line":18,"column":1}},"line":9},"2":{"name":"genNode","decl":{"start":{"line":20,"column":9},"end":{"line":20,"column":16}},"loc":{"start":{"line":20,"column":19},"end":{"line":28,"column":1}},"line":20},"3":{"name":"genRandom","decl":{"start":{"line":30,"column":9},"end":{"line":30,"column":18}},"loc":{"start":{"line":30,"column":27},"end":{"line":37,"column":1}},"line":30},"4":{"name":"genIP","decl":{"start":{"line":38,"column":9},"end":{"line":38,"column":14}},"loc":{"start":{"line":38,"column":17},"end":{"line":45,"column":1}},"line":38},"5":{"name":"random","decl":{"start":{"line":46,"column":9},"end":{"line":46,"column":15}},"loc":{"start":{"line":46,"column":19},"end":{"line":50,"column":1}},"line":46}},"branchMap":{},"s":{"0":1,"1":1,"2":1,"3":1,"4":1,"5":1,"6":1,"7":1,"8":1,"9":1,"10":5,"11":5,"12":5,"13":1,"14":1,"15":5,"16":30,"17":30,"18":30,"19":30,"20":62,"21":30,"22":5,"23":5,"24":5,"25":20,"26":20,"27":5,"28":92,"29":92,"30":92,"31":1},"f":{"0":1,"1":1,"2":5,"3":30,"4":5,"5":92},"b":{},"_coverageSchema":"1a1c01bbd47fc00a2c39e90264f33305004495a9","hash":"434dda9c27720e43cbb8d1e4126b1da748b1cf88"}
}
