TN:
SF:src\utils\trojan.js
FN:8,(anonymous_0)
FN:12,(anonymous_1)
FN:27,(anonymous_2)
FN:30,(anonymous_3)
FN:34,(anonymous_4)
FN:40,(anonymous_5)
FNF:6
FNH:5
FNDA:1,(anonymous_0)
FNDA:6,(anonymous_1)
FNDA:1,(anonymous_2)
FNDA:1,(anonymous_3)
FNDA:6,(anonymous_4)
FNDA:0,(anonymous_5)
DA:9,1
DA:10,1
DA:13,6
DA:14,5
DA:16,5
DA:17,5
DA:18,5
DA:19,5
DA:20,5
DA:21,5
DA:22,5
DA:23,5
DA:25,5
DA:28,1
DA:29,1
DA:30,1
DA:31,1
DA:33,1
DA:34,1
DA:35,6
DA:36,6
DA:38,1
DA:41,0
DA:42,0
DA:45,1
LF:25
LH:23
BRDA:13,0,0,1
BRDA:13,0,1,5
BRDA:36,1,0,6
BRDA:36,1,1,5
BRF:4
BRH:4
end_of_record
TN:
SF:src\utils\url-test.js
FN:14,urlTest
FN:20,(anonymous_1)
FNF:2
FNH:2
FNDA:1,urlTest
FNDA:1,(anonymous_1)
DA:1,1
DA:2,1
DA:3,1
DA:4,1
DA:8,1
DA:14,1
DA:15,1
DA:16,1
DA:17,1
DA:18,1
DA:19,1
DA:20,1
DA:21,1
DA:22,1
DA:23,1
DA:24,0
LF:16
LH:15
BRDA:17,0,0,0
BRDA:17,0,1,1
BRDA:22,1,0,1
BRDA:22,1,1,0
BRF:4
BRH:2
end_of_record
TN:
SF:test\generateSub.js
FN:7,(anonymous_0)
FN:9,generateSub
FN:20,genNode
FN:30,genRandom
FN:38,genIP
FN:46,random
FNF:6
FNH:6
FNDA:1,(anonymous_0)
FNDA:1,generateSub
FNDA:5,genNode
FNDA:30,genRandom
FNDA:5,genIP
FNDA:84,random
DA:1,1
DA:2,1
DA:4,1
DA:5,1
DA:7,1
DA:10,1
DA:11,1
DA:12,5
DA:13,5
DA:14,5
DA:16,1
DA:17,1
DA:21,5
DA:31,30
DA:32,30
DA:33,30
DA:34,54
DA:36,30
DA:39,5
DA:40,5
DA:41,20
DA:42,20
DA:44,5
DA:47,84
DA:48,84
DA:49,84
DA:52,1
LF:27
LH:27
BRF:0
BRH:0
end_of_record
